Performing C SOURCE FILE Test CMAKE_HAVE_LIBC_PTHREAD failed with the following output:
Change Dir: /home/giuseppe/polycube-grpc-service-libraries/examples/cpp/pcn-helloworldcpp/src/CMakeFiles/CMakeTmp

Run Build Command(s):/usr/bin/make cmTC_cb25a/fast && /usr/bin/make -f CMakeFiles/cmTC_cb25a.dir/build.make CMakeFiles/cmTC_cb25a.dir/build
make[1]: ingresso nella directory «/home/giuseppe/polycube-grpc-service-libraries/examples/cpp/pcn-helloworldcpp/src/CMakeFiles/CMakeTmp»
Building C object CMakeFiles/cmTC_cb25a.dir/src.c.o
/usr/bin/cc   -DCMAKE_HAVE_LIBC_PTHREAD   -o CMakeFiles/cmTC_cb25a.dir/src.c.o   -c /home/giuseppe/polycube-grpc-service-libraries/examples/cpp/pcn-helloworldcpp/src/CMakeFiles/CMakeTmp/src.c
Linking C executable cmTC_cb25a
/usr/bin/cmake -E cmake_link_script CMakeFiles/cmTC_cb25a.dir/link.txt --verbose=1
/usr/bin/cc  -DCMAKE_HAVE_LIBC_PTHREAD    CMakeFiles/cmTC_cb25a.dir/src.c.o  -o cmTC_cb25a 
/usr/bin/ld: CMakeFiles/cmTC_cb25a.dir/src.c.o: in function `main':
src.c:(.text+0x46): undefined reference to `pthread_create'
/usr/bin/ld: src.c:(.text+0x52): undefined reference to `pthread_detach'
/usr/bin/ld: src.c:(.text+0x63): undefined reference to `pthread_join'
collect2: error: ld returned 1 exit status
make[1]: *** [CMakeFiles/cmTC_cb25a.dir/build.make:87: cmTC_cb25a] Errore 1
make[1]: uscita dalla directory «/home/giuseppe/polycube-grpc-service-libraries/examples/cpp/pcn-helloworldcpp/src/CMakeFiles/CMakeTmp»
make: *** [Makefile:121: cmTC_cb25a/fast] Errore 2


Source file was:
#include <pthread.h>

void* test_func(void* data)
{
  return data;
}

int main(void)
{
  pthread_t thread;
  pthread_create(&thread, NULL, test_func, NULL);
  pthread_detach(thread);
  pthread_join(thread, NULL);
  pthread_atfork(NULL, NULL, NULL);
  pthread_exit(NULL);

  return 0;
}

Determining if the function pthread_create exists in the pthreads failed with the following output:
Change Dir: /home/giuseppe/polycube-grpc-service-libraries/examples/cpp/pcn-helloworldcpp/src/CMakeFiles/CMakeTmp

Run Build Command(s):/usr/bin/make cmTC_5e25e/fast && /usr/bin/make -f CMakeFiles/cmTC_5e25e.dir/build.make CMakeFiles/cmTC_5e25e.dir/build
make[1]: ingresso nella directory «/home/giuseppe/polycube-grpc-service-libraries/examples/cpp/pcn-helloworldcpp/src/CMakeFiles/CMakeTmp»
Building C object CMakeFiles/cmTC_5e25e.dir/CheckFunctionExists.c.o
/usr/bin/cc   -DCHECK_FUNCTION_EXISTS=pthread_create   -o CMakeFiles/cmTC_5e25e.dir/CheckFunctionExists.c.o   -c /usr/share/cmake-3.16/Modules/CheckFunctionExists.c
Linking C executable cmTC_5e25e
/usr/bin/cmake -E cmake_link_script CMakeFiles/cmTC_5e25e.dir/link.txt --verbose=1
/usr/bin/cc  -DCHECK_FUNCTION_EXISTS=pthread_create    CMakeFiles/cmTC_5e25e.dir/CheckFunctionExists.c.o  -o cmTC_5e25e  -lpthreads 
/usr/bin/ld: impossibile trovare -lpthreads
collect2: error: ld returned 1 exit status
make[1]: *** [CMakeFiles/cmTC_5e25e.dir/build.make:87: cmTC_5e25e] Errore 1
make[1]: uscita dalla directory «/home/giuseppe/polycube-grpc-service-libraries/examples/cpp/pcn-helloworldcpp/src/CMakeFiles/CMakeTmp»
make: *** [Makefile:121: cmTC_5e25e/fast] Errore 2



